<?xml version="1.0" encoding="UTF-8"?>
<testsuite xmlns:xsi="http://www.w3.org/2001/XMLSchema-instance" xsi:noNamespaceSchemaLocation="https://maven.apache.org/surefire/maven-surefire-plugin/xsd/surefire-test-report.xsd" name="com.aldermore.test.ProductVariantControllerTest" time="4.803" tests="4" errors="0" skipped="0" failures="0">
  <properties>
[...]
</properties>
  <testcase name="testgetname" classname="com.aldermore.test.ProductVariantControllerTest" time="3.895"/>
  <testcase name="testgetnames" classname="com.aldermore.test.ProductVariantControllerTest" time="0.097"/>
  <testcase name="testShouldReturnAllProductVariants" classname="com.aldermore.test.ProductVariantControllerTest" time="0.516"/>
  <testcase name="testgetnamesINVALID" classname="com.aldermore.test.ProductVariantControllerTest" time="0.028"/>
</testsuite>